<?xml version="1.0" encoding="UTF-8"?>
<!-- Generated by org.testng.reporters.JUnitXMLReporter -->
<testsuite hostname="AAI" ignored="0" name="Login Test" tests="1" failures="1" timestamp="31 Aug 2019 05:48:50 GMT" time="15.264" errors="0">
  <testcase name="loginTest" time="14.757" classname="com.amol.testcases.LoginTest">
    <failure type="java.lang.AssertionError" message="The following asserts failed:
	null,
	null">
      <![CDATA[java.lang.AssertionError: The following asserts failed:
null,
null
at com.amol.testcases.LoginTest.loginTest(LoginTest.java:37)
... Removed 30 stack frames]]>
    </failure>
  </testcase> <!-- loginTest -->
</testsuite> <!-- Login Test -->
