<?xml version="1.0" encoding="UTF-8"?>
<!-- Generated by org.testng.reporters.JUnitXMLReporter -->
<testsuite hostname="AAI" ignored="0" name="Login Test" tests="1" failures="1" timestamp="28 Aug 2019 15:41:47 GMT" time="14.778" errors="0">
  <testcase name="loginTest" time="14.342" classname="com.amol.testcases.LoginTest">
    <failure type="java.lang.AssertionError" message="The following asserts failed:
	null,
	null,
	null">
      <![CDATA[java.lang.AssertionError: The following asserts failed:
null,
null,
null
at com.amol.testcases.LoginTest.loginTest(LoginTest.java:40)
... Removed 26 stack frames]]>
    </failure>
  </testcase> <!-- loginTest -->
</testsuite> <!-- Login Test -->
